<?xml version="1.0" encoding="UTF-8"?>
<!-- Generated by org.testng.reporters.JUnitXMLReporter -->
<testsuite ignored="0" hostname="LAPTOP-BEHQ30E2" failures="0" tests="3" name="Default test" time="46.926" errors="0" timestamp="08 Mar 2024 16:06:55 GMT">
  <testcase classname="com.xyz.qa.testcases.DepositValidTest" name="depositamountTest" time="0.791"/>
  <testcase classname="com.xyz.qa.testcases.DepositValidTest" name="verifydepositamountTest" time="0.545"/>
  <testcase classname="com.xyz.qa.testcases.DepositValidTest" name="verifyintransactionsTest" time="1.306"/>
</testsuite> <!-- Default test -->
